SF:src/DataPipes.jl
LH:0
LF:0
end_of_record
SF:src/data_functions.jl
DA:4,3
DA:5,5
DA:7,10
DA:12,33
DA:13,44
DA:19,0
DA:21,0
DA:22,15
DA:23,3
DA:24,4
DA:26,13
DA:27,13
DA:28,13
DA:29,28
DA:30,37
DA:31,38
DA:33,13
DA:37,12
DA:39,22
DA:40,22
DA:41,24
DA:42,44
DA:43,12
DA:44,20
DA:52,3
DA:53,3
DA:56,1
DA:57,1
LH:26
LF:28
end_of_record
SF:src/pipe.jl
DA:1,125
DA:2,10
DA:3,8
DA:7,143
DA:12,8
DA:13,8
DA:14,8
DA:15,18
DA:18,135
DA:19,135
DA:20,135
DA:21,1
DA:22,23
DA:23,25
DA:25,26
DA:29,143
DA:30,143
DA:31,143
DA:32,143
DA:33,143
DA:34,442
DA:35,517
DA:37,143
DA:40,5
DA:41,10
DA:42,128
DA:44,98
DA:45,59
DA:47,18
DA:48,70
DA:49,23
DA:50,23
DA:52,18
DA:53,18
DA:54,12
DA:56,11
DA:59,1
DA:63,44
DA:64,342
DA:65,342
DA:66,342
DA:67,342
DA:68,342
DA:69,342
DA:70,342
DA:71,342
DA:72,525
DA:73,410
DA:75,342
DA:76,312
DA:78,372
DA:80,342
DA:81,337
DA:83,350
DA:84,345
DA:85,342
DA:88,7
DA:90,74
DA:91,9
DA:93,240
DA:94,240
DA:96,192
DA:97,192
DA:98,192
DA:99,48
DA:101,6
DA:102,6
DA:103,6
DA:104,6
DA:105,6
DA:106,6
DA:110,42
DA:114,87
DA:115,255
DA:116,255
DA:117,1552
DA:118,859
DA:119,8
DA:120,8
DA:121,8
DA:122,8
DA:123,8
DA:124,14
DA:125,8
DA:127,802
DA:129,255
DA:130,255
DA:133,267
DA:134,759
DA:135,759
DA:136,3991
DA:137,2111
DA:138,21
DA:139,21
DA:140,21
DA:141,21
DA:142,21
DA:144,2036
DA:146,759
DA:147,5331
DA:148,5289
DA:150,759
DA:153,87
DA:154,255
DA:155,255
DA:156,30
DA:157,30
DA:159,225
DA:164,33
DA:166,5
DA:168,6
DA:169,16
DA:170,5
DA:174,412
DA:175,3
DA:176,3
DA:177,3
DA:178,3
DA:181,198
DA:182,198
DA:183,261
DA:185,14
DA:186,14
DA:187,14
DA:188,14
DA:189,14
DA:192,247
DA:193,247
DA:196,370
DA:197,154
DA:198,155
DA:199,154
DA:201,44
DA:206,344
DA:207,1390
DA:212,261
DA:213,243
DA:214,9
DA:215,1
DA:216,4
DA:217,4
DA:219,6616
DA:220,4281
DA:224,261
DA:225,444
DA:226,1008
DA:227,994
DA:229,177
DA:231,994
DA:234,261
DA:235,261
DA:237,261
DA:238,261
DA:239,155
DA:241,5
DA:244,734
DA:247,106
DA:253,591
DA:254,3686
DA:255,3987
DA:256,3458
DA:259,28
DA:260,462
DA:261,214
DA:262,230
DA:263,14
DA:265,200
DA:266,202
DA:267,0
DA:269,200
LH:169
LF:170
end_of_record
SF:src/utils.jl
DA:1,0
DA:5,8197
DA:6,5153
DA:10,116
DA:13,3959
DA:14,35917
DA:16,186
DA:17,186
DA:18,356
DA:19,1204
DA:20,872
DA:21,14
DA:22,858
DA:23,18
DA:24,18
DA:26,840
DA:27,840
DA:30,186
LH:17
LF:18
end_of_record
